This file contains any messages produced by compilers while
running configure, to aid debugging if configure makes a mistake.

It was created by OverpassAPI configure 0.7.54.12, which was
generated by GNU Autoconf 2.69.  Invocation command line was

  $ ./configure CXXFLAGS=-O2 --no-create --no-recursion

## --------- ##
## Platform. ##
## --------- ##

hostname = raresa
uname -m = x86_64
uname -r = 4.4.0-98-generic
uname -s = Linux
uname -v = #121-Ubuntu SMP Tue Oct 10 14:24:03 UTC 2017

/usr/bin/uname -p = unknown
/bin/uname -X     = unknown

/bin/arch              = unknown
/usr/bin/arch -k       = unknown
/usr/convex/getsysinfo = unknown
/usr/bin/hostinfo      = unknown
/bin/machine           = unknown
/usr/bin/oslevel       = unknown
/bin/universe          = unknown

PATH: /opt/rakudo/bin
PATH: /opt/rakudo/bin
PATH: /usr/local/sbin
PATH: /usr/local/bin
PATH: /usr/sbin
PATH: /usr/bin
PATH: /sbin
PATH: /bin
PATH: /usr/games
PATH: /usr/local/games
PATH: /snap/bin


## ----------- ##
## Core tests. ##
## ----------- ##

configure:2472: checking for a BSD-compatible install
configure:2540: result: /usr/bin/install -c
configure:2551: checking whether build environment is sane
configure:2606: result: yes
configure:2757: checking for a thread-safe mkdir -p
configure:2796: result: /bin/mkdir -p
configure:2803: checking for gawk
configure:2819: found /usr/bin/gawk
configure:2830: result: gawk
configure:2841: checking whether make sets $(MAKE)
configure:2863: result: yes
configure:2892: checking whether make supports nested variables
configure:2909: result: yes
configure:3049: checking for style of include used by make
configure:3077: result: GNU
configure:3148: checking for gcc
configure:3164: found /usr/bin/gcc
configure:3175: result: gcc
configure:3404: checking for C compiler version
configure:3413: gcc --version >&5
gcc (Ubuntu 5.4.0-6ubuntu1~16.04.5) 5.4.0 20160609
Copyright (C) 2015 Free Software Foundation, Inc.
This is free software; see the source for copying conditions.  There is NO
warranty; not even for MERCHANTABILITY or FITNESS FOR A PARTICULAR PURPOSE.

configure:3424: $? = 0
configure:3413: gcc -v >&5
Using built-in specs.
COLLECT_GCC=gcc
COLLECT_LTO_WRAPPER=/usr/lib/gcc/x86_64-linux-gnu/5/lto-wrapper
Target: x86_64-linux-gnu
Configured with: ../src/configure -v --with-pkgversion='Ubuntu 5.4.0-6ubuntu1~16.04.5' --with-bugurl=file:///usr/share/doc/gcc-5/README.Bugs --enable-languages=c,ada,c++,java,go,d,fortran,objc,obj-c++ --prefix=/usr --program-suffix=-5 --enable-shared --enable-linker-build-id --libexecdir=/usr/lib --without-included-gettext --enable-threads=posix --libdir=/usr/lib --enable-nls --with-sysroot=/ --enable-clocale=gnu --enable-libstdcxx-debug --enable-libstdcxx-time=yes --with-default-libstdcxx-abi=new --enable-gnu-unique-object --disable-vtable-verify --enable-libmpx --enable-plugin --with-system-zlib --disable-browser-plugin --enable-java-awt=gtk --enable-gtk-cairo --with-java-home=/usr/lib/jvm/java-1.5.0-gcj-5-amd64/jre --enable-java-home --with-jvm-root-dir=/usr/lib/jvm/java-1.5.0-gcj-5-amd64 --with-jvm-jar-dir=/usr/lib/jvm-exports/java-1.5.0-gcj-5-amd64 --with-arch-directory=amd64 --with-ecj-jar=/usr/share/java/eclipse-ecj.jar --enable-objc-gc --enable-multiarch --disable-werror --with-arch-32=i686 --with-abi=m64 --with-multilib-list=m32,m64,mx32 --enable-multilib --with-tune=generic --enable-checking=release --build=x86_64-linux-gnu --host=x86_64-linux-gnu --target=x86_64-linux-gnu
Thread model: posix
gcc version 5.4.0 20160609 (Ubuntu 5.4.0-6ubuntu1~16.04.5) 
configure:3424: $? = 0
configure:3413: gcc -V >&5
gcc: error: unrecognized command line option '-V'
gcc: fatal error: no input files
compilation terminated.
configure:3424: $? = 1
configure:3413: gcc -qversion >&5
gcc: error: unrecognized command line option '-qversion'
gcc: fatal error: no input files
compilation terminated.
configure:3424: $? = 1
configure:3444: checking whether the C compiler works
configure:3466: gcc    conftest.c  >&5
configure:3470: $? = 0
configure:3518: result: yes
configure:3521: checking for C compiler default output file name
configure:3523: result: a.out
configure:3529: checking for suffix of executables
configure:3536: gcc -o conftest    conftest.c  >&5
configure:3540: $? = 0
configure:3562: result: 
configure:3584: checking whether we are cross compiling
configure:3592: gcc -o conftest    conftest.c  >&5
configure:3596: $? = 0
configure:3603: ./conftest
configure:3607: $? = 0
configure:3622: result: no
configure:3627: checking for suffix of object files
configure:3649: gcc -c   conftest.c >&5
configure:3653: $? = 0
configure:3674: result: o
configure:3678: checking whether we are using the GNU C compiler
configure:3697: gcc -c   conftest.c >&5
configure:3697: $? = 0
configure:3706: result: yes
configure:3715: checking whether gcc accepts -g
configure:3735: gcc -c -g  conftest.c >&5
configure:3735: $? = 0
configure:3776: result: yes
configure:3793: checking for gcc option to accept ISO C89
configure:3856: gcc  -c -g -O2  conftest.c >&5
configure:3856: $? = 0
configure:3869: result: none needed
configure:3894: checking whether gcc understands -c and -o together
configure:3916: gcc -c conftest.c -o conftest2.o
configure:3919: $? = 0
configure:3916: gcc -c conftest.c -o conftest2.o
configure:3919: $? = 0
configure:3931: result: yes
configure:3950: checking dependency style of gcc
configure:4061: result: gcc3
configure:4126: checking for ar
configure:4142: found /usr/bin/ar
configure:4153: result: ar
configure:4179: checking the archiver (ar) interface
configure:4195: gcc -c -g -O2  conftest.c >&5
configure:4195: $? = 0
configure:4197: ar cru libconftest.a conftest.o >&5
ar: `u' modifier ignored since `D' is the default (see `U')
configure:4200: $? = 0
configure:4228: result: ar
configure:4296: checking for gcc
configure:4323: result: gcc
configure:4552: checking for C compiler version
configure:4561: gcc --version >&5
gcc (Ubuntu 5.4.0-6ubuntu1~16.04.5) 5.4.0 20160609
Copyright (C) 2015 Free Software Foundation, Inc.
This is free software; see the source for copying conditions.  There is NO
warranty; not even for MERCHANTABILITY or FITNESS FOR A PARTICULAR PURPOSE.

configure:4572: $? = 0
configure:4561: gcc -v >&5
Using built-in specs.
COLLECT_GCC=gcc
COLLECT_LTO_WRAPPER=/usr/lib/gcc/x86_64-linux-gnu/5/lto-wrapper
Target: x86_64-linux-gnu
Configured with: ../src/configure -v --with-pkgversion='Ubuntu 5.4.0-6ubuntu1~16.04.5' --with-bugurl=file:///usr/share/doc/gcc-5/README.Bugs --enable-languages=c,ada,c++,java,go,d,fortran,objc,obj-c++ --prefix=/usr --program-suffix=-5 --enable-shared --enable-linker-build-id --libexecdir=/usr/lib --without-included-gettext --enable-threads=posix --libdir=/usr/lib --enable-nls --with-sysroot=/ --enable-clocale=gnu --enable-libstdcxx-debug --enable-libstdcxx-time=yes --with-default-libstdcxx-abi=new --enable-gnu-unique-object --disable-vtable-verify --enable-libmpx --enable-plugin --with-system-zlib --disable-browser-plugin --enable-java-awt=gtk --enable-gtk-cairo --with-java-home=/usr/lib/jvm/java-1.5.0-gcj-5-amd64/jre --enable-java-home --with-jvm-root-dir=/usr/lib/jvm/java-1.5.0-gcj-5-amd64 --with-jvm-jar-dir=/usr/lib/jvm-exports/java-1.5.0-gcj-5-amd64 --with-arch-directory=amd64 --with-ecj-jar=/usr/share/java/eclipse-ecj.jar --enable-objc-gc --enable-multiarch --disable-werror --with-arch-32=i686 --with-abi=m64 --with-multilib-list=m32,m64,mx32 --enable-multilib --with-tune=generic --enable-checking=release --build=x86_64-linux-gnu --host=x86_64-linux-gnu --target=x86_64-linux-gnu
Thread model: posix
gcc version 5.4.0 20160609 (Ubuntu 5.4.0-6ubuntu1~16.04.5) 
configure:4572: $? = 0
configure:4561: gcc -V >&5
gcc: error: unrecognized command line option '-V'
gcc: fatal error: no input files
compilation terminated.
configure:4572: $? = 1
configure:4561: gcc -qversion >&5
gcc: error: unrecognized command line option '-qversion'
gcc: fatal error: no input files
compilation terminated.
configure:4572: $? = 1
configure:4576: checking whether we are using the GNU C compiler
configure:4604: result: yes
configure:4613: checking whether gcc accepts -g
configure:4674: result: yes
configure:4691: checking for gcc option to accept ISO C89
configure:4767: result: none needed
configure:4792: checking whether gcc understands -c and -o together
configure:4829: result: yes
configure:4848: checking dependency style of gcc
configure:4959: result: gcc3
configure:5032: checking for g++
configure:5048: found /usr/bin/g++
configure:5059: result: g++
configure:5086: checking for C++ compiler version
configure:5095: g++ --version >&5
g++ (Ubuntu 5.4.0-6ubuntu1~16.04.5) 5.4.0 20160609
Copyright (C) 2015 Free Software Foundation, Inc.
This is free software; see the source for copying conditions.  There is NO
warranty; not even for MERCHANTABILITY or FITNESS FOR A PARTICULAR PURPOSE.

configure:5106: $? = 0
configure:5095: g++ -v >&5
Using built-in specs.
COLLECT_GCC=g++
COLLECT_LTO_WRAPPER=/usr/lib/gcc/x86_64-linux-gnu/5/lto-wrapper
Target: x86_64-linux-gnu
Configured with: ../src/configure -v --with-pkgversion='Ubuntu 5.4.0-6ubuntu1~16.04.5' --with-bugurl=file:///usr/share/doc/gcc-5/README.Bugs --enable-languages=c,ada,c++,java,go,d,fortran,objc,obj-c++ --prefix=/usr --program-suffix=-5 --enable-shared --enable-linker-build-id --libexecdir=/usr/lib --without-included-gettext --enable-threads=posix --libdir=/usr/lib --enable-nls --with-sysroot=/ --enable-clocale=gnu --enable-libstdcxx-debug --enable-libstdcxx-time=yes --with-default-libstdcxx-abi=new --enable-gnu-unique-object --disable-vtable-verify --enable-libmpx --enable-plugin --with-system-zlib --disable-browser-plugin --enable-java-awt=gtk --enable-gtk-cairo --with-java-home=/usr/lib/jvm/java-1.5.0-gcj-5-amd64/jre --enable-java-home --with-jvm-root-dir=/usr/lib/jvm/java-1.5.0-gcj-5-amd64 --with-jvm-jar-dir=/usr/lib/jvm-exports/java-1.5.0-gcj-5-amd64 --with-arch-directory=amd64 --with-ecj-jar=/usr/share/java/eclipse-ecj.jar --enable-objc-gc --enable-multiarch --disable-werror --with-arch-32=i686 --with-abi=m64 --with-multilib-list=m32,m64,mx32 --enable-multilib --with-tune=generic --enable-checking=release --build=x86_64-linux-gnu --host=x86_64-linux-gnu --target=x86_64-linux-gnu
Thread model: posix
gcc version 5.4.0 20160609 (Ubuntu 5.4.0-6ubuntu1~16.04.5) 
configure:5106: $? = 0
configure:5095: g++ -V >&5
g++: error: unrecognized command line option '-V'
g++: fatal error: no input files
compilation terminated.
configure:5106: $? = 1
configure:5095: g++ -qversion >&5
g++: error: unrecognized command line option '-qversion'
g++: fatal error: no input files
compilation terminated.
configure:5106: $? = 1
configure:5110: checking whether we are using the GNU C++ compiler
configure:5129: g++ -c -O2  conftest.cpp >&5
configure:5129: $? = 0
configure:5138: result: yes
configure:5147: checking whether g++ accepts -g
configure:5167: g++ -c -g  conftest.cpp >&5
configure:5167: $? = 0
configure:5208: result: yes
configure:5233: checking dependency style of g++
configure:5344: result: gcc3
configure:5389: checking build system type
configure:5403: result: x86_64-pc-linux-gnu
configure:5423: checking host system type
configure:5436: result: x86_64-pc-linux-gnu
configure:5477: checking how to print strings
configure:5504: result: printf
configure:5525: checking for a sed that does not truncate output
configure:5589: result: /bin/sed
configure:5607: checking for grep that handles long lines and -e
configure:5665: result: /bin/grep
configure:5670: checking for egrep
configure:5732: result: /bin/grep -E
configure:5737: checking for fgrep
configure:5799: result: /bin/grep -F
configure:5834: checking for ld used by gcc
configure:5901: result: /usr/bin/ld
configure:5908: checking if the linker (/usr/bin/ld) is GNU ld
configure:5923: result: yes
configure:5935: checking for BSD- or MS-compatible name lister (nm)
configure:5989: result: /usr/bin/nm -B
configure:6119: checking the name lister (/usr/bin/nm -B) interface
configure:6126: gcc -c -g -O2  conftest.c >&5
configure:6129: /usr/bin/nm -B "conftest.o"
configure:6132: output
0000000000000000 B some_variable
configure:6139: result: BSD nm
configure:6142: checking whether ln -s works
configure:6146: result: yes
configure:6154: checking the maximum length of command line arguments
configure:6285: result: 1572864
configure:6333: checking how to convert x86_64-pc-linux-gnu file names to x86_64-pc-linux-gnu format
configure:6373: result: func_convert_file_noop
configure:6380: checking how to convert x86_64-pc-linux-gnu file names to toolchain format
configure:6400: result: func_convert_file_noop
configure:6407: checking for /usr/bin/ld option to reload object files
configure:6414: result: -r
configure:6488: checking for objdump
configure:6504: found /usr/bin/objdump
configure:6515: result: objdump
configure:6547: checking how to recognize dependent libraries
configure:6747: result: pass_all
configure:6832: checking for dlltool
configure:6862: result: no
configure:6892: checking how to associate runtime and link libraries
configure:6919: result: printf %s\n
configure:7043: checking for archiver @FILE support
configure:7060: gcc -c -g -O2  conftest.c >&5
configure:7060: $? = 0
configure:7063: ar cru libconftest.a @conftest.lst >&5
ar: `u' modifier ignored since `D' is the default (see `U')
configure:7066: $? = 0
configure:7071: ar cru libconftest.a @conftest.lst >&5
ar: `u' modifier ignored since `D' is the default (see `U')
ar: conftest.o: No such file or directory
configure:7074: $? = 1
configure:7086: result: @
configure:7144: checking for strip
configure:7160: found /usr/bin/strip
configure:7171: result: strip
configure:7243: checking for ranlib
configure:7259: found /usr/bin/ranlib
configure:7270: result: ranlib
configure:7372: checking command to parse /usr/bin/nm -B output from gcc object
configure:7525: gcc -c -g -O2  conftest.c >&5
configure:7528: $? = 0
configure:7532: /usr/bin/nm -B conftest.o \| sed -n -e 's/^.*[ ]\([ABCDGIRSTW][ABCDGIRSTW]*\)[ ][ ]*\([_A-Za-z][_A-Za-z0-9]*\)$/\1 \2 \2/p' | sed '/ __gnu_lto/d' \> conftest.nm
configure:7535: $? = 0
configure:7601: gcc -o conftest -g -O2   conftest.c conftstm.o >&5
configure:7604: $? = 0
configure:7642: result: ok
configure:7689: checking for sysroot
configure:7719: result: no
configure:7726: checking for a working dd
configure:7764: result: /bin/dd
configure:7768: checking how to truncate binary pipes
configure:7783: result: /bin/dd bs=4096 count=1
configure:7919: gcc -c -g -O2  conftest.c >&5
configure:7922: $? = 0
configure:8112: checking for mt
configure:8128: found /bin/mt
configure:8139: result: mt
configure:8162: checking if mt is a manifest tool
configure:8168: mt '-?'
configure:8176: result: no
configure:8853: checking how to run the C preprocessor
configure:8884: gcc -E  conftest.c
configure:8884: $? = 0
configure:8898: gcc -E  conftest.c
conftest.c:11:28: fatal error: ac_nonexistent.h: No such file or directory
compilation terminated.
configure:8898: $? = 1
configure: failed program was:
| /* confdefs.h */
| #define PACKAGE_NAME "OverpassAPI"
| #define PACKAGE_TARNAME "overpassapi"
| #define PACKAGE_VERSION "0.7.54.12"
| #define PACKAGE_STRING "OverpassAPI 0.7.54.12"
| #define PACKAGE_BUGREPORT "roland@olbricht.nrw"
| #define PACKAGE_URL ""
| #define PACKAGE "overpassapi"
| #define VERSION "0.7.54.12"
| /* end confdefs.h.  */
| #include <ac_nonexistent.h>
configure:8923: result: gcc -E
configure:8943: gcc -E  conftest.c
configure:8943: $? = 0
configure:8957: gcc -E  conftest.c
conftest.c:11:28: fatal error: ac_nonexistent.h: No such file or directory
compilation terminated.
configure:8957: $? = 1
configure: failed program was:
| /* confdefs.h */
| #define PACKAGE_NAME "OverpassAPI"
| #define PACKAGE_TARNAME "overpassapi"
| #define PACKAGE_VERSION "0.7.54.12"
| #define PACKAGE_STRING "OverpassAPI 0.7.54.12"
| #define PACKAGE_BUGREPORT "roland@olbricht.nrw"
| #define PACKAGE_URL ""
| #define PACKAGE "overpassapi"
| #define VERSION "0.7.54.12"
| /* end confdefs.h.  */
| #include <ac_nonexistent.h>
configure:8986: checking for ANSI C header files
configure:9006: gcc -c -g -O2  conftest.c >&5
configure:9006: $? = 0
configure:9079: gcc -o conftest -g -O2   conftest.c  >&5
configure:9079: $? = 0
configure:9079: ./conftest
configure:9079: $? = 0
configure:9090: result: yes
configure:9103: checking for sys/types.h
configure:9103: gcc -c -g -O2  conftest.c >&5
configure:9103: $? = 0
configure:9103: result: yes
configure:9103: checking for sys/stat.h
configure:9103: gcc -c -g -O2  conftest.c >&5
configure:9103: $? = 0
configure:9103: result: yes
configure:9103: checking for stdlib.h
configure:9103: gcc -c -g -O2  conftest.c >&5
configure:9103: $? = 0
configure:9103: result: yes
configure:9103: checking for string.h
configure:9103: gcc -c -g -O2  conftest.c >&5
configure:9103: $? = 0
configure:9103: result: yes
configure:9103: checking for memory.h
configure:9103: gcc -c -g -O2  conftest.c >&5
configure:9103: $? = 0
configure:9103: result: yes
configure:9103: checking for strings.h
configure:9103: gcc -c -g -O2  conftest.c >&5
configure:9103: $? = 0
configure:9103: result: yes
configure:9103: checking for inttypes.h
configure:9103: gcc -c -g -O2  conftest.c >&5
configure:9103: $? = 0
configure:9103: result: yes
configure:9103: checking for stdint.h
configure:9103: gcc -c -g -O2  conftest.c >&5
configure:9103: $? = 0
configure:9103: result: yes
configure:9103: checking for unistd.h
configure:9103: gcc -c -g -O2  conftest.c >&5
configure:9103: $? = 0
configure:9103: result: yes
configure:9117: checking for dlfcn.h
configure:9117: gcc -c -g -O2  conftest.c >&5
configure:9117: $? = 0
configure:9117: result: yes
configure:9384: checking for objdir
configure:9399: result: .libs
configure:9663: checking if gcc supports -fno-rtti -fno-exceptions
configure:9681: gcc -c -g -O2  -fno-rtti -fno-exceptions conftest.c >&5
cc1: warning: command line option '-fno-rtti' is valid for C++/ObjC++ but not for C
configure:9685: $? = 0
configure:9698: result: no
configure:10056: checking for gcc option to produce PIC
configure:10063: result: -fPIC -DPIC
configure:10071: checking if gcc PIC flag -fPIC -DPIC works
configure:10089: gcc -c -g -O2  -fPIC -DPIC -DPIC conftest.c >&5
configure:10093: $? = 0
configure:10106: result: yes
configure:10135: checking if gcc static flag -static works
configure:10163: result: yes
configure:10178: checking if gcc supports -c -o file.o
configure:10199: gcc -c -g -O2  -o out/conftest2.o conftest.c >&5
configure:10203: $? = 0
configure:10225: result: yes
configure:10233: checking if gcc supports -c -o file.o
configure:10280: result: yes
configure:10313: checking whether the gcc linker (/usr/bin/ld -m elf_x86_64) supports shared libraries
configure:11576: result: yes
configure:11613: checking whether -lc should be explicitly linked in
configure:11621: gcc -c -g -O2  conftest.c >&5
configure:11624: $? = 0
configure:11639: gcc -shared  -fPIC -DPIC conftest.o  -v -Wl,-soname -Wl,conftest -o conftest 2\>\&1 \| /bin/grep  -lc  \>/dev/null 2\>\&1
configure:11642: $? = 0
configure:11656: result: no
configure:11816: checking dynamic linker characteristics
configure:12397: gcc -o conftest -g -O2   -Wl,-rpath -Wl,/foo conftest.c  >&5
configure:12397: $? = 0
configure:12646: result: GNU/Linux ld.so
configure:12768: checking how to hardcode library paths into programs
configure:12793: result: immediate
configure:13341: checking whether stripping libraries is possible
configure:13346: result: yes
configure:13381: checking if libtool supports shared libraries
configure:13383: result: yes
configure:13386: checking whether to build shared libraries
configure:13411: result: yes
configure:13414: checking whether to build static libraries
configure:13418: result: yes
configure:13441: checking how to run the C++ preprocessor
configure:13468: g++ -E  conftest.cpp
configure:13468: $? = 0
configure:13482: g++ -E  conftest.cpp
conftest.cpp:23:28: fatal error: ac_nonexistent.h: No such file or directory
compilation terminated.
configure:13482: $? = 1
configure: failed program was:
| /* confdefs.h */
| #define PACKAGE_NAME "OverpassAPI"
| #define PACKAGE_TARNAME "overpassapi"
| #define PACKAGE_VERSION "0.7.54.12"
| #define PACKAGE_STRING "OverpassAPI 0.7.54.12"
| #define PACKAGE_BUGREPORT "roland@olbricht.nrw"
| #define PACKAGE_URL ""
| #define PACKAGE "overpassapi"
| #define VERSION "0.7.54.12"
| #define STDC_HEADERS 1
| #define HAVE_SYS_TYPES_H 1
| #define HAVE_SYS_STAT_H 1
| #define HAVE_STDLIB_H 1
| #define HAVE_STRING_H 1
| #define HAVE_MEMORY_H 1
| #define HAVE_STRINGS_H 1
| #define HAVE_INTTYPES_H 1
| #define HAVE_STDINT_H 1
| #define HAVE_UNISTD_H 1
| #define HAVE_DLFCN_H 1
| #define LT_OBJDIR ".libs/"
| /* end confdefs.h.  */
| #include <ac_nonexistent.h>
configure:13507: result: g++ -E
configure:13527: g++ -E  conftest.cpp
configure:13527: $? = 0
configure:13541: g++ -E  conftest.cpp
conftest.cpp:23:28: fatal error: ac_nonexistent.h: No such file or directory
compilation terminated.
configure:13541: $? = 1
configure: failed program was:
| /* confdefs.h */
| #define PACKAGE_NAME "OverpassAPI"
| #define PACKAGE_TARNAME "overpassapi"
| #define PACKAGE_VERSION "0.7.54.12"
| #define PACKAGE_STRING "OverpassAPI 0.7.54.12"
| #define PACKAGE_BUGREPORT "roland@olbricht.nrw"
| #define PACKAGE_URL ""
| #define PACKAGE "overpassapi"
| #define VERSION "0.7.54.12"
| #define STDC_HEADERS 1
| #define HAVE_SYS_TYPES_H 1
| #define HAVE_SYS_STAT_H 1
| #define HAVE_STDLIB_H 1
| #define HAVE_STRING_H 1
| #define HAVE_MEMORY_H 1
| #define HAVE_STRINGS_H 1
| #define HAVE_INTTYPES_H 1
| #define HAVE_STDINT_H 1
| #define HAVE_UNISTD_H 1
| #define HAVE_DLFCN_H 1
| #define LT_OBJDIR ".libs/"
| /* end confdefs.h.  */
| #include <ac_nonexistent.h>
configure:13703: checking for ld used by g++
configure:13770: result: /usr/bin/ld -m elf_x86_64
configure:13777: checking if the linker (/usr/bin/ld -m elf_x86_64) is GNU ld
configure:13792: result: yes
configure:13847: checking whether the g++ linker (/usr/bin/ld -m elf_x86_64) supports shared libraries
configure:14920: result: yes
configure:14956: g++ -c -O2  conftest.cpp >&5
configure:14959: $? = 0
configure:15440: checking for g++ option to produce PIC
configure:15447: result: -fPIC -DPIC
configure:15455: checking if g++ PIC flag -fPIC -DPIC works
configure:15473: g++ -c -O2  -fPIC -DPIC -DPIC conftest.cpp >&5
configure:15477: $? = 0
configure:15490: result: yes
configure:15513: checking if g++ static flag -static works
configure:15541: result: yes
configure:15553: checking if g++ supports -c -o file.o
configure:15574: g++ -c -O2  -o out/conftest2.o conftest.cpp >&5
configure:15578: $? = 0
configure:15600: result: yes
configure:15605: checking if g++ supports -c -o file.o
configure:15652: result: yes
configure:15682: checking whether the g++ linker (/usr/bin/ld -m elf_x86_64) supports shared libraries
configure:15725: result: yes
configure:15866: checking dynamic linker characteristics
configure:16623: result: GNU/Linux ld.so
configure:16688: checking how to hardcode library paths into programs
configure:16713: result: immediate
configure:16774: checking whether make sets $(MAKE)
configure:16796: result: yes
configure:16807: checking for XML_Parse in -lexpat
configure:16832: gcc -o conftest -g -O2   conftest.c -lexpat   >&5
configure:16832: $? = 0
configure:16841: result: yes
configure:16852: checking for library containing shm_open
configure:16883: gcc -o conftest -g -O2   conftest.c -lexpat  >&5
/tmp/cc2F9hZd.o: In function `main':
/home/arares/src/osm-3s_v0.7.54_dev/conftest.c:35: undefined reference to `shm_open'
collect2: error: ld returned 1 exit status
configure:16883: $? = 1
configure: failed program was:
| /* confdefs.h */
| #define PACKAGE_NAME "OverpassAPI"
| #define PACKAGE_TARNAME "overpassapi"
| #define PACKAGE_VERSION "0.7.54.12"
| #define PACKAGE_STRING "OverpassAPI 0.7.54.12"
| #define PACKAGE_BUGREPORT "roland@olbricht.nrw"
| #define PACKAGE_URL ""
| #define PACKAGE "overpassapi"
| #define VERSION "0.7.54.12"
| #define STDC_HEADERS 1
| #define HAVE_SYS_TYPES_H 1
| #define HAVE_SYS_STAT_H 1
| #define HAVE_STDLIB_H 1
| #define HAVE_STRING_H 1
| #define HAVE_MEMORY_H 1
| #define HAVE_STRINGS_H 1
| #define HAVE_INTTYPES_H 1
| #define HAVE_STDINT_H 1
| #define HAVE_UNISTD_H 1
| #define HAVE_DLFCN_H 1
| #define LT_OBJDIR ".libs/"
| #define HAVE_LIBEXPAT 1
| /* end confdefs.h.  */
| 
| /* Override any GCC internal prototype to avoid an error.
|    Use char because int might match the return type of a GCC
|    builtin and then its argument prototype would still apply.  */
| #ifdef __cplusplus
| extern "C"
| #endif
| char shm_open ();
| int
| main ()
| {
| return shm_open ();
|   ;
|   return 0;
| }
configure:16883: gcc -o conftest -g -O2   conftest.c -lrt  -lexpat  >&5
configure:16883: $? = 0
configure:16900: result: -lrt
configure:16910: checking for mode_t
configure:16910: gcc -c -g -O2  conftest.c >&5
configure:16910: $? = 0
configure:16910: gcc -c -g -O2  conftest.c >&5
conftest.c: In function 'main':
conftest.c:60:21: error: expected expression before ')' token
 if (sizeof ((mode_t)))
                     ^
configure:16910: $? = 1
configure: failed program was:
| /* confdefs.h */
| #define PACKAGE_NAME "OverpassAPI"
| #define PACKAGE_TARNAME "overpassapi"
| #define PACKAGE_VERSION "0.7.54.12"
| #define PACKAGE_STRING "OverpassAPI 0.7.54.12"
| #define PACKAGE_BUGREPORT "roland@olbricht.nrw"
| #define PACKAGE_URL ""
| #define PACKAGE "overpassapi"
| #define VERSION "0.7.54.12"
| #define STDC_HEADERS 1
| #define HAVE_SYS_TYPES_H 1
| #define HAVE_SYS_STAT_H 1
| #define HAVE_STDLIB_H 1
| #define HAVE_STRING_H 1
| #define HAVE_MEMORY_H 1
| #define HAVE_STRINGS_H 1
| #define HAVE_INTTYPES_H 1
| #define HAVE_STDINT_H 1
| #define HAVE_UNISTD_H 1
| #define HAVE_DLFCN_H 1
| #define LT_OBJDIR ".libs/"
| #define HAVE_LIBEXPAT 1
| /* end confdefs.h.  */
| #include <stdio.h>
| #ifdef HAVE_SYS_TYPES_H
| # include <sys/types.h>
| #endif
| #ifdef HAVE_SYS_STAT_H
| # include <sys/stat.h>
| #endif
| #ifdef STDC_HEADERS
| # include <stdlib.h>
| # include <stddef.h>
| #else
| # ifdef HAVE_STDLIB_H
| #  include <stdlib.h>
| # endif
| #endif
| #ifdef HAVE_STRING_H
| # if !defined STDC_HEADERS && defined HAVE_MEMORY_H
| #  include <memory.h>
| # endif
| # include <string.h>
| #endif
| #ifdef HAVE_STRINGS_H
| # include <strings.h>
| #endif
| #ifdef HAVE_INTTYPES_H
| # include <inttypes.h>
| #endif
| #ifdef HAVE_STDINT_H
| # include <stdint.h>
| #endif
| #ifdef HAVE_UNISTD_H
| # include <unistd.h>
| #endif
| int
| main ()
| {
| if (sizeof ((mode_t)))
| 	    return 0;
|   ;
|   return 0;
| }
configure:16910: result: yes
configure:16921: checking for pid_t
configure:16921: gcc -c -g -O2  conftest.c >&5
configure:16921: $? = 0
configure:16921: gcc -c -g -O2  conftest.c >&5
conftest.c: In function 'main':
conftest.c:60:20: error: expected expression before ')' token
 if (sizeof ((pid_t)))
                    ^
configure:16921: $? = 1
configure: failed program was:
| /* confdefs.h */
| #define PACKAGE_NAME "OverpassAPI"
| #define PACKAGE_TARNAME "overpassapi"
| #define PACKAGE_VERSION "0.7.54.12"
| #define PACKAGE_STRING "OverpassAPI 0.7.54.12"
| #define PACKAGE_BUGREPORT "roland@olbricht.nrw"
| #define PACKAGE_URL ""
| #define PACKAGE "overpassapi"
| #define VERSION "0.7.54.12"
| #define STDC_HEADERS 1
| #define HAVE_SYS_TYPES_H 1
| #define HAVE_SYS_STAT_H 1
| #define HAVE_STDLIB_H 1
| #define HAVE_STRING_H 1
| #define HAVE_MEMORY_H 1
| #define HAVE_STRINGS_H 1
| #define HAVE_INTTYPES_H 1
| #define HAVE_STDINT_H 1
| #define HAVE_UNISTD_H 1
| #define HAVE_DLFCN_H 1
| #define LT_OBJDIR ".libs/"
| #define HAVE_LIBEXPAT 1
| /* end confdefs.h.  */
| #include <stdio.h>
| #ifdef HAVE_SYS_TYPES_H
| # include <sys/types.h>
| #endif
| #ifdef HAVE_SYS_STAT_H
| # include <sys/stat.h>
| #endif
| #ifdef STDC_HEADERS
| # include <stdlib.h>
| # include <stddef.h>
| #else
| # ifdef HAVE_STDLIB_H
| #  include <stdlib.h>
| # endif
| #endif
| #ifdef HAVE_STRING_H
| # if !defined STDC_HEADERS && defined HAVE_MEMORY_H
| #  include <memory.h>
| # endif
| # include <string.h>
| #endif
| #ifdef HAVE_STRINGS_H
| # include <strings.h>
| #endif
| #ifdef HAVE_INTTYPES_H
| # include <inttypes.h>
| #endif
| #ifdef HAVE_STDINT_H
| # include <stdint.h>
| #endif
| #ifdef HAVE_UNISTD_H
| # include <unistd.h>
| #endif
| int
| main ()
| {
| if (sizeof ((pid_t)))
| 	    return 0;
|   ;
|   return 0;
| }
configure:16921: result: yes
configure:16932: checking return type of signal handlers
configure:16950: gcc -c -g -O2  conftest.c >&5
conftest.c: In function 'main':
conftest.c:30:9: error: void value not ignored as it ought to be
 return *(signal (0, 0)) (0) == 1;
         ^
configure:16950: $? = 1
configure: failed program was:
| /* confdefs.h */
| #define PACKAGE_NAME "OverpassAPI"
| #define PACKAGE_TARNAME "overpassapi"
| #define PACKAGE_VERSION "0.7.54.12"
| #define PACKAGE_STRING "OverpassAPI 0.7.54.12"
| #define PACKAGE_BUGREPORT "roland@olbricht.nrw"
| #define PACKAGE_URL ""
| #define PACKAGE "overpassapi"
| #define VERSION "0.7.54.12"
| #define STDC_HEADERS 1
| #define HAVE_SYS_TYPES_H 1
| #define HAVE_SYS_STAT_H 1
| #define HAVE_STDLIB_H 1
| #define HAVE_STRING_H 1
| #define HAVE_MEMORY_H 1
| #define HAVE_STRINGS_H 1
| #define HAVE_INTTYPES_H 1
| #define HAVE_STDINT_H 1
| #define HAVE_UNISTD_H 1
| #define HAVE_DLFCN_H 1
| #define LT_OBJDIR ".libs/"
| #define HAVE_LIBEXPAT 1
| /* end confdefs.h.  */
| #include <sys/types.h>
| #include <signal.h>
| 
| int
| main ()
| {
| return *(signal (0, 0)) (0) == 1;
|   ;
|   return 0;
| }
configure:16957: result: void
configure:16965: checking for size_t
configure:16965: gcc -c -g -O2  conftest.c >&5
configure:16965: $? = 0
configure:16965: gcc -c -g -O2  conftest.c >&5
conftest.c: In function 'main':
conftest.c:61:21: error: expected expression before ')' token
 if (sizeof ((size_t)))
                     ^
configure:16965: $? = 1
configure: failed program was:
| /* confdefs.h */
| #define PACKAGE_NAME "OverpassAPI"
| #define PACKAGE_TARNAME "overpassapi"
| #define PACKAGE_VERSION "0.7.54.12"
| #define PACKAGE_STRING "OverpassAPI 0.7.54.12"
| #define PACKAGE_BUGREPORT "roland@olbricht.nrw"
| #define PACKAGE_URL ""
| #define PACKAGE "overpassapi"
| #define VERSION "0.7.54.12"
| #define STDC_HEADERS 1
| #define HAVE_SYS_TYPES_H 1
| #define HAVE_SYS_STAT_H 1
| #define HAVE_STDLIB_H 1
| #define HAVE_STRING_H 1
| #define HAVE_MEMORY_H 1
| #define HAVE_STRINGS_H 1
| #define HAVE_INTTYPES_H 1
| #define HAVE_STDINT_H 1
| #define HAVE_UNISTD_H 1
| #define HAVE_DLFCN_H 1
| #define LT_OBJDIR ".libs/"
| #define HAVE_LIBEXPAT 1
| #define RETSIGTYPE void
| /* end confdefs.h.  */
| #include <stdio.h>
| #ifdef HAVE_SYS_TYPES_H
| # include <sys/types.h>
| #endif
| #ifdef HAVE_SYS_STAT_H
| # include <sys/stat.h>
| #endif
| #ifdef STDC_HEADERS
| # include <stdlib.h>
| # include <stddef.h>
| #else
| # ifdef HAVE_STDLIB_H
| #  include <stdlib.h>
| # endif
| #endif
| #ifdef HAVE_STRING_H
| # if !defined STDC_HEADERS && defined HAVE_MEMORY_H
| #  include <memory.h>
| # endif
| # include <string.h>
| #endif
| #ifdef HAVE_STRINGS_H
| # include <strings.h>
| #endif
| #ifdef HAVE_INTTYPES_H
| # include <inttypes.h>
| #endif
| #ifdef HAVE_STDINT_H
| # include <stdint.h>
| #endif
| #ifdef HAVE_UNISTD_H
| # include <unistd.h>
| #endif
| int
| main ()
| {
| if (sizeof ((size_t)))
| 	    return 0;
|   ;
|   return 0;
| }
configure:16965: result: yes
configure:16979: checking for dirent.h that defines DIR
configure:16998: gcc -c -g -O2  conftest.c >&5
configure:16998: $? = 0
configure:17006: result: yes
configure:17019: checking for library containing opendir
configure:17050: gcc -o conftest -g -O2   conftest.c -lrt -lexpat  >&5
configure:17050: $? = 0
configure:17067: result: none required
configure:17134: checking for ANSI C header files
configure:17238: result: yes
configure:17249: checking fcntl.h usability
configure:17249: gcc -c -g -O2  conftest.c >&5
configure:17249: $? = 0
configure:17249: result: yes
configure:17249: checking fcntl.h presence
configure:17249: gcc -E  conftest.c
configure:17249: $? = 0
configure:17249: result: yes
configure:17249: checking for fcntl.h
configure:17249: result: yes
configure:17249: checking locale.h usability
configure:17249: gcc -c -g -O2  conftest.c >&5
configure:17249: $? = 0
configure:17249: result: yes
configure:17249: checking locale.h presence
configure:17249: gcc -E  conftest.c
configure:17249: $? = 0
configure:17249: result: yes
configure:17249: checking for locale.h
configure:17249: result: yes
configure:17249: checking for stdint.h
configure:17249: result: yes
configure:17249: checking for stdlib.h
configure:17249: result: yes
configure:17249: checking for string.h
configure:17249: result: yes
configure:17249: checking sys/time.h usability
configure:17249: gcc -c -g -O2  conftest.c >&5
configure:17249: $? = 0
configure:17249: result: yes
configure:17249: checking sys/time.h presence
configure:17249: gcc -E  conftest.c
configure:17249: $? = 0
configure:17249: result: yes
configure:17249: checking for sys/time.h
configure:17249: result: yes
configure:17249: checking for unistd.h
configure:17249: result: yes
configure:17261: checking for an ANSI C-conforming const
configure:17327: gcc -c -g -O2  conftest.c >&5
configure:17327: $? = 0
configure:17334: result: yes
configure:17342: checking for inline
configure:17358: gcc -c -g -O2  conftest.c >&5
configure:17358: $? = 0
configure:17366: result: inline
configure:17384: checking for working volatile
configure:17403: gcc -c -g -O2  conftest.c >&5
configure:17403: $? = 0
configure:17410: result: yes
configure:17418: checking for stdbool.h that conforms to C99
configure:17485: gcc -c -g -O2  conftest.c >&5
configure:17485: $? = 0
configure:17492: result: yes
configure:17494: checking for _Bool
configure:17494: gcc -c -g -O2  conftest.c >&5
configure:17494: $? = 0
configure:17494: gcc -c -g -O2  conftest.c >&5
conftest.c: In function 'main':
conftest.c:70:20: error: expected expression before ')' token
 if (sizeof ((_Bool)))
                    ^
configure:17494: $? = 1
configure: failed program was:
| /* confdefs.h */
| #define PACKAGE_NAME "OverpassAPI"
| #define PACKAGE_TARNAME "overpassapi"
| #define PACKAGE_VERSION "0.7.54.12"
| #define PACKAGE_STRING "OverpassAPI 0.7.54.12"
| #define PACKAGE_BUGREPORT "roland@olbricht.nrw"
| #define PACKAGE_URL ""
| #define PACKAGE "overpassapi"
| #define VERSION "0.7.54.12"
| #define STDC_HEADERS 1
| #define HAVE_SYS_TYPES_H 1
| #define HAVE_SYS_STAT_H 1
| #define HAVE_STDLIB_H 1
| #define HAVE_STRING_H 1
| #define HAVE_MEMORY_H 1
| #define HAVE_STRINGS_H 1
| #define HAVE_INTTYPES_H 1
| #define HAVE_STDINT_H 1
| #define HAVE_UNISTD_H 1
| #define HAVE_DLFCN_H 1
| #define LT_OBJDIR ".libs/"
| #define HAVE_LIBEXPAT 1
| #define RETSIGTYPE void
| #define HAVE_DIRENT_H 1
| #define STDC_HEADERS 1
| #define HAVE_FCNTL_H 1
| #define HAVE_LOCALE_H 1
| #define HAVE_STDINT_H 1
| #define HAVE_STDLIB_H 1
| #define HAVE_STRING_H 1
| #define HAVE_SYS_TIME_H 1
| #define HAVE_UNISTD_H 1
| /* end confdefs.h.  */
| #include <stdio.h>
| #ifdef HAVE_SYS_TYPES_H
| # include <sys/types.h>
| #endif
| #ifdef HAVE_SYS_STAT_H
| # include <sys/stat.h>
| #endif
| #ifdef STDC_HEADERS
| # include <stdlib.h>
| # include <stddef.h>
| #else
| # ifdef HAVE_STDLIB_H
| #  include <stdlib.h>
| # endif
| #endif
| #ifdef HAVE_STRING_H
| # if !defined STDC_HEADERS && defined HAVE_MEMORY_H
| #  include <memory.h>
| # endif
| # include <string.h>
| #endif
| #ifdef HAVE_STRINGS_H
| # include <strings.h>
| #endif
| #ifdef HAVE_INTTYPES_H
| # include <inttypes.h>
| #endif
| #ifdef HAVE_STDINT_H
| # include <stdint.h>
| #endif
| #ifdef HAVE_UNISTD_H
| # include <unistd.h>
| #endif
| int
| main ()
| {
| if (sizeof ((_Bool)))
| 	    return 0;
|   ;
|   return 0;
| }
configure:17494: result: yes
configure:17511: checking whether time.h and sys/time.h may both be included
configure:17531: gcc -c -g -O2  conftest.c >&5
configure:17531: $? = 0
configure:17538: result: yes
configure:17546: checking whether struct tm is in sys/time.h or time.h
configure:17566: gcc -c -g -O2  conftest.c >&5
configure:17566: $? = 0
configure:17573: result: time.h
configure:17583: checking whether closedir returns void
configure:17607: gcc -o conftest -g -O2   conftest.c -lrt -lexpat  >&5
configure:17607: $? = 0
configure:17607: ./conftest
configure:17607: $? = 0
configure:17617: result: no
configure:17627: checking for stdlib.h
configure:17627: result: yes
configure:17637: checking for GNU libc compatible malloc
configure:17661: gcc -o conftest -g -O2   conftest.c -lrt -lexpat  >&5
configure:17661: $? = 0
configure:17661: ./conftest
configure:17661: $? = 0
configure:17671: result: yes
configure:17698: checking for stdlib.h
configure:17698: result: yes
configure:17698: checking for unistd.h
configure:17698: result: yes
configure:17698: checking for sys/param.h
configure:17698: gcc -c -g -O2  conftest.c >&5
configure:17698: $? = 0
configure:17698: result: yes
configure:17718: checking for getpagesize
configure:17718: gcc -o conftest -g -O2   conftest.c -lrt -lexpat  >&5
configure:17718: $? = 0
configure:17718: result: yes
configure:17727: checking for working mmap
configure:17874: gcc -o conftest -g -O2   conftest.c -lrt -lexpat  >&5
configure:17874: $? = 0
configure:17874: ./conftest
configure:17874: $? = 0
configure:17884: result: yes
configure:17896: checking sys/select.h usability
configure:17896: gcc -c -g -O2  conftest.c >&5
configure:17896: $? = 0
configure:17896: result: yes
configure:17896: checking sys/select.h presence
configure:17896: gcc -E  conftest.c
configure:17896: $? = 0
configure:17896: result: yes
configure:17896: checking for sys/select.h
configure:17896: result: yes
configure:17896: checking sys/socket.h usability
configure:17896: gcc -c -g -O2  conftest.c >&5
configure:17896: $? = 0
configure:17896: result: yes
configure:17896: checking sys/socket.h presence
configure:17896: gcc -E  conftest.c
configure:17896: $? = 0
configure:17896: result: yes
configure:17896: checking for sys/socket.h
configure:17896: result: yes
configure:17906: checking types of arguments for select
configure:17934: gcc -c -g -O2  conftest.c >&5
configure:17934: $? = 0
configure:17945: result: int,fd_set *,struct timeval *
configure:17968: checking whether lstat correctly handles trailing slash
configure:17994: gcc -o conftest -g -O2   conftest.c -lrt -lexpat  >&5
configure:17994: $? = 0
configure:17994: ./conftest
configure:17994: $? = 0
configure:18011: result: yes
configure:18030: checking whether stat accepts an empty string
configure:18050: gcc -o conftest -g -O2   conftest.c -lrt -lexpat  >&5
configure:18050: $? = 0
configure:18050: ./conftest
configure:18050: $? = 0
configure:18060: result: no
configure:18078: checking for strftime
configure:18078: gcc -o conftest -g -O2   conftest.c -lrt -lexpat  >&5
conftest.c:73:6: warning: conflicting types for built-in function 'strftime'
 char strftime ();
      ^
configure:18078: $? = 0
configure:18078: result: yes
configure:18134: checking for clock_gettime
configure:18134: gcc -o conftest -g -O2   conftest.c -lrt -lexpat  >&5
configure:18134: $? = 0
configure:18134: result: yes
configure:18134: checking for floor
configure:18134: gcc -o conftest -g -O2   conftest.c -lrt -lexpat  >&5
conftest.c:75:6: warning: conflicting types for built-in function 'floor'
 char floor ();
      ^
/tmp/ccVmAC5z.o: In function `main':
/home/arares/src/osm-3s_v0.7.54_dev/conftest.c:86: undefined reference to `floor'
collect2: error: ld returned 1 exit status
configure:18134: $? = 1
configure: failed program was:
| /* confdefs.h */
| #define PACKAGE_NAME "OverpassAPI"
| #define PACKAGE_TARNAME "overpassapi"
| #define PACKAGE_VERSION "0.7.54.12"
| #define PACKAGE_STRING "OverpassAPI 0.7.54.12"
| #define PACKAGE_BUGREPORT "roland@olbricht.nrw"
| #define PACKAGE_URL ""
| #define PACKAGE "overpassapi"
| #define VERSION "0.7.54.12"
| #define STDC_HEADERS 1
| #define HAVE_SYS_TYPES_H 1
| #define HAVE_SYS_STAT_H 1
| #define HAVE_STDLIB_H 1
| #define HAVE_STRING_H 1
| #define HAVE_MEMORY_H 1
| #define HAVE_STRINGS_H 1
| #define HAVE_INTTYPES_H 1
| #define HAVE_STDINT_H 1
| #define HAVE_UNISTD_H 1
| #define HAVE_DLFCN_H 1
| #define LT_OBJDIR ".libs/"
| #define HAVE_LIBEXPAT 1
| #define RETSIGTYPE void
| #define HAVE_DIRENT_H 1
| #define STDC_HEADERS 1
| #define HAVE_FCNTL_H 1
| #define HAVE_LOCALE_H 1
| #define HAVE_STDINT_H 1
| #define HAVE_STDLIB_H 1
| #define HAVE_STRING_H 1
| #define HAVE_SYS_TIME_H 1
| #define HAVE_UNISTD_H 1
| #define HAVE__BOOL 1
| #define HAVE_STDBOOL_H 1
| #define TIME_WITH_SYS_TIME 1
| #define HAVE_STDLIB_H 1
| #define HAVE_MALLOC 1
| #define HAVE_STDLIB_H 1
| #define HAVE_UNISTD_H 1
| #define HAVE_SYS_PARAM_H 1
| #define HAVE_GETPAGESIZE 1
| #define HAVE_MMAP 1
| #define HAVE_SYS_SELECT_H 1
| #define HAVE_SYS_SOCKET_H 1
| #define SELECT_TYPE_ARG1 int
| #define SELECT_TYPE_ARG234 (fd_set *)
| #define SELECT_TYPE_ARG5 (struct timeval *)
| #define LSTAT_FOLLOWS_SLASHED_SYMLINK 1
| #define HAVE_STRFTIME 1
| #define HAVE_CLOCK_GETTIME 1
| /* end confdefs.h.  */
| /* Define floor to an innocuous variant, in case <limits.h> declares floor.
|    For example, HP-UX 11i <limits.h> declares gettimeofday.  */
| #define floor innocuous_floor
| 
| /* System header to define __stub macros and hopefully few prototypes,
|     which can conflict with char floor (); below.
|     Prefer <limits.h> to <assert.h> if __STDC__ is defined, since
|     <limits.h> exists even on freestanding compilers.  */
| 
| #ifdef __STDC__
| # include <limits.h>
| #else
| # include <assert.h>
| #endif
| 
| #undef floor
| 
| /* Override any GCC internal prototype to avoid an error.
|    Use char because int might match the return type of a GCC
|    builtin and then its argument prototype would still apply.  */
| #ifdef __cplusplus
| extern "C"
| #endif
| char floor ();
| /* The GNU C library defines this for functions which it implements
|     to always fail with ENOSYS.  Some functions are actually named
|     something starting with __ and the normal name is an alias.  */
| #if defined __stub_floor || defined __stub___floor
| choke me
| #endif
| 
| int
| main ()
| {
| return floor ();
|   ;
|   return 0;
| }
configure:18134: result: no
configure:18134: checking for ftruncate
configure:18134: gcc -o conftest -g -O2   conftest.c -lrt -lexpat  >&5
configure:18134: $? = 0
configure:18134: result: yes
configure:18134: checking for getcwd
configure:18134: gcc -o conftest -g -O2   conftest.c -lrt -lexpat  >&5
configure:18134: $? = 0
configure:18134: result: yes
configure:18134: checking for munmap
configure:18134: gcc -o conftest -g -O2   conftest.c -lrt -lexpat  >&5
configure:18134: $? = 0
configure:18134: result: yes
configure:18134: checking for regcomp
configure:18134: gcc -o conftest -g -O2   conftest.c -lrt -lexpat  >&5
configure:18134: $? = 0
configure:18134: result: yes
configure:18134: checking for select
configure:18134: gcc -o conftest -g -O2   conftest.c -lrt -lexpat  >&5
configure:18134: $? = 0
configure:18134: result: yes
configure:18134: checking for shm_open
configure:18134: gcc -o conftest -g -O2   conftest.c -lrt -lexpat  >&5
configure:18134: $? = 0
configure:18134: result: yes
configure:18134: checking for socket
configure:18134: gcc -o conftest -g -O2   conftest.c -lrt -lexpat  >&5
configure:18134: $? = 0
configure:18134: result: yes
configure:18134: checking for sqrt
configure:18134: gcc -o conftest -g -O2   conftest.c -lrt -lexpat  >&5
conftest.c:82:6: warning: conflicting types for built-in function 'sqrt'
 char sqrt ();
      ^
/tmp/ccwDWdVR.o: In function `main':
/home/arares/src/osm-3s_v0.7.54_dev/conftest.c:93: undefined reference to `sqrt'
collect2: error: ld returned 1 exit status
configure:18134: $? = 1
configure: failed program was:
| /* confdefs.h */
| #define PACKAGE_NAME "OverpassAPI"
| #define PACKAGE_TARNAME "overpassapi"
| #define PACKAGE_VERSION "0.7.54.12"
| #define PACKAGE_STRING "OverpassAPI 0.7.54.12"
| #define PACKAGE_BUGREPORT "roland@olbricht.nrw"
| #define PACKAGE_URL ""
| #define PACKAGE "overpassapi"
| #define VERSION "0.7.54.12"
| #define STDC_HEADERS 1
| #define HAVE_SYS_TYPES_H 1
| #define HAVE_SYS_STAT_H 1
| #define HAVE_STDLIB_H 1
| #define HAVE_STRING_H 1
| #define HAVE_MEMORY_H 1
| #define HAVE_STRINGS_H 1
| #define HAVE_INTTYPES_H 1
| #define HAVE_STDINT_H 1
| #define HAVE_UNISTD_H 1
| #define HAVE_DLFCN_H 1
| #define LT_OBJDIR ".libs/"
| #define HAVE_LIBEXPAT 1
| #define RETSIGTYPE void
| #define HAVE_DIRENT_H 1
| #define STDC_HEADERS 1
| #define HAVE_FCNTL_H 1
| #define HAVE_LOCALE_H 1
| #define HAVE_STDINT_H 1
| #define HAVE_STDLIB_H 1
| #define HAVE_STRING_H 1
| #define HAVE_SYS_TIME_H 1
| #define HAVE_UNISTD_H 1
| #define HAVE__BOOL 1
| #define HAVE_STDBOOL_H 1
| #define TIME_WITH_SYS_TIME 1
| #define HAVE_STDLIB_H 1
| #define HAVE_MALLOC 1
| #define HAVE_STDLIB_H 1
| #define HAVE_UNISTD_H 1
| #define HAVE_SYS_PARAM_H 1
| #define HAVE_GETPAGESIZE 1
| #define HAVE_MMAP 1
| #define HAVE_SYS_SELECT_H 1
| #define HAVE_SYS_SOCKET_H 1
| #define SELECT_TYPE_ARG1 int
| #define SELECT_TYPE_ARG234 (fd_set *)
| #define SELECT_TYPE_ARG5 (struct timeval *)
| #define LSTAT_FOLLOWS_SLASHED_SYMLINK 1
| #define HAVE_STRFTIME 1
| #define HAVE_CLOCK_GETTIME 1
| #define HAVE_FTRUNCATE 1
| #define HAVE_GETCWD 1
| #define HAVE_MUNMAP 1
| #define HAVE_REGCOMP 1
| #define HAVE_SELECT 1
| #define HAVE_SHM_OPEN 1
| #define HAVE_SOCKET 1
| /* end confdefs.h.  */
| /* Define sqrt to an innocuous variant, in case <limits.h> declares sqrt.
|    For example, HP-UX 11i <limits.h> declares gettimeofday.  */
| #define sqrt innocuous_sqrt
| 
| /* System header to define __stub macros and hopefully few prototypes,
|     which can conflict with char sqrt (); below.
|     Prefer <limits.h> to <assert.h> if __STDC__ is defined, since
|     <limits.h> exists even on freestanding compilers.  */
| 
| #ifdef __STDC__
| # include <limits.h>
| #else
| # include <assert.h>
| #endif
| 
| #undef sqrt
| 
| /* Override any GCC internal prototype to avoid an error.
|    Use char because int might match the return type of a GCC
|    builtin and then its argument prototype would still apply.  */
| #ifdef __cplusplus
| extern "C"
| #endif
| char sqrt ();
| /* The GNU C library defines this for functions which it implements
|     to always fail with ENOSYS.  Some functions are actually named
|     something starting with __ and the normal name is an alias.  */
| #if defined __stub_sqrt || defined __stub___sqrt
| choke me
| #endif
| 
| int
| main ()
| {
| return sqrt ();
|   ;
|   return 0;
| }
configure:18134: result: no
configure:18134: checking for strnlen
configure:18134: gcc -o conftest -g -O2   conftest.c -lrt -lexpat  >&5
configure:18134: $? = 0
configure:18134: result: yes
configure:18343: checking that generated files are newer than configure
configure:18349: result: done
configure:18380: creating ./config.status
configure:20795: checking for special C compiler options needed for large files
configure:20840: result: no
configure:20846: checking for _FILE_OFFSET_BITS value needed for large files
configure:20871: gcc -c -g -O2  conftest.c >&5
configure:20871: $? = 0
configure:20903: result: no

## ---------------- ##
## Cache variables. ##
## ---------------- ##

ac_cv_build=x86_64-pc-linux-gnu
ac_cv_c_compiler_gnu=yes
ac_cv_c_const=yes
ac_cv_c_inline=inline
ac_cv_c_volatile=yes
ac_cv_cxx_compiler_gnu=yes
ac_cv_env_CCC_set=
ac_cv_env_CCC_value=
ac_cv_env_CC_set=
ac_cv_env_CC_value=
ac_cv_env_CFLAGS_set=
ac_cv_env_CFLAGS_value=
ac_cv_env_CPPFLAGS_set=
ac_cv_env_CPPFLAGS_value=
ac_cv_env_CPP_set=
ac_cv_env_CPP_value=
ac_cv_env_CXXCPP_set=
ac_cv_env_CXXCPP_value=
ac_cv_env_CXXFLAGS_set=set
ac_cv_env_CXXFLAGS_value=-O2
ac_cv_env_CXX_set=
ac_cv_env_CXX_value=
ac_cv_env_LDFLAGS_set=
ac_cv_env_LDFLAGS_value=
ac_cv_env_LIBS_set=
ac_cv_env_LIBS_value=
ac_cv_env_LT_SYS_LIBRARY_PATH_set=
ac_cv_env_LT_SYS_LIBRARY_PATH_value=
ac_cv_env_build_alias_set=
ac_cv_env_build_alias_value=
ac_cv_env_host_alias_set=
ac_cv_env_host_alias_value=
ac_cv_env_target_alias_set=
ac_cv_env_target_alias_value=
ac_cv_func_clock_gettime=yes
ac_cv_func_closedir_void=no
ac_cv_func_floor=no
ac_cv_func_ftruncate=yes
ac_cv_func_getcwd=yes
ac_cv_func_getpagesize=yes
ac_cv_func_lstat_dereferences_slashed_symlink=yes
ac_cv_func_malloc_0_nonnull=yes
ac_cv_func_mmap_fixed_mapped=yes
ac_cv_func_munmap=yes
ac_cv_func_regcomp=yes
ac_cv_func_select=yes
ac_cv_func_select_args='int,fd_set *,struct timeval *'
ac_cv_func_shm_open=yes
ac_cv_func_socket=yes
ac_cv_func_sqrt=no
ac_cv_func_stat_empty_string_bug=no
ac_cv_func_strftime=yes
ac_cv_func_strnlen=yes
ac_cv_header_dirent_dirent_h=yes
ac_cv_header_dlfcn_h=yes
ac_cv_header_fcntl_h=yes
ac_cv_header_inttypes_h=yes
ac_cv_header_locale_h=yes
ac_cv_header_memory_h=yes
ac_cv_header_stdbool_h=yes
ac_cv_header_stdc=yes
ac_cv_header_stdint_h=yes
ac_cv_header_stdlib_h=yes
ac_cv_header_string_h=yes
ac_cv_header_strings_h=yes
ac_cv_header_sys_param_h=yes
ac_cv_header_sys_select_h=yes
ac_cv_header_sys_socket_h=yes
ac_cv_header_sys_stat_h=yes
ac_cv_header_sys_time_h=yes
ac_cv_header_sys_types_h=yes
ac_cv_header_time=yes
ac_cv_header_unistd_h=yes
ac_cv_host=x86_64-pc-linux-gnu
ac_cv_lib_expat_XML_Parse=yes
ac_cv_objext=o
ac_cv_path_EGREP='/bin/grep -E'
ac_cv_path_FGREP='/bin/grep -F'
ac_cv_path_GREP=/bin/grep
ac_cv_path_SED=/bin/sed
ac_cv_path_install='/usr/bin/install -c'
ac_cv_path_lt_DD=/bin/dd
ac_cv_path_mkdir=/bin/mkdir
ac_cv_prog_AWK=gawk
ac_cv_prog_CPP='gcc -E'
ac_cv_prog_CXXCPP='g++ -E'
ac_cv_prog_ac_ct_AR=ar
ac_cv_prog_ac_ct_CC=gcc
ac_cv_prog_ac_ct_CXX=g++
ac_cv_prog_ac_ct_MANIFEST_TOOL=mt
ac_cv_prog_ac_ct_OBJDUMP=objdump
ac_cv_prog_ac_ct_RANLIB=ranlib
ac_cv_prog_ac_ct_STRIP=strip
ac_cv_prog_cc_c89=
ac_cv_prog_cc_g=yes
ac_cv_prog_cxx_g=yes
ac_cv_prog_make_make_set=yes
ac_cv_search_opendir='none required'
ac_cv_search_shm_open=-lrt
ac_cv_struct_tm=time.h
ac_cv_sys_file_offset_bits=no
ac_cv_sys_largefile_CC=no
ac_cv_type__Bool=yes
ac_cv_type_mode_t=yes
ac_cv_type_pid_t=yes
ac_cv_type_signal=void
ac_cv_type_size_t=yes
am_cv_CC_dependencies_compiler_type=gcc3
am_cv_CXX_dependencies_compiler_type=gcc3
am_cv_ar_interface=ar
am_cv_make_support_nested_variables=yes
am_cv_prog_cc_c_o=yes
lt_cv_ar_at_file=@
lt_cv_archive_cmds_need_lc=no
lt_cv_deplibs_check_method=pass_all
lt_cv_file_magic_cmd='$MAGIC_CMD'
lt_cv_file_magic_test_file=
lt_cv_ld_reload_flag=-r
lt_cv_nm_interface='BSD nm'
lt_cv_objdir=.libs
lt_cv_path_LD=/usr/bin/ld
lt_cv_path_LDCXX='/usr/bin/ld -m elf_x86_64'
lt_cv_path_NM='/usr/bin/nm -B'
lt_cv_path_mainfest_tool=no
lt_cv_prog_compiler_c_o=yes
lt_cv_prog_compiler_c_o_CXX=yes
lt_cv_prog_compiler_pic='-fPIC -DPIC'
lt_cv_prog_compiler_pic_CXX='-fPIC -DPIC'
lt_cv_prog_compiler_pic_works=yes
lt_cv_prog_compiler_pic_works_CXX=yes
lt_cv_prog_compiler_rtti_exceptions=no
lt_cv_prog_compiler_static_works=yes
lt_cv_prog_compiler_static_works_CXX=yes
lt_cv_prog_gnu_ld=yes
lt_cv_prog_gnu_ldcxx=yes
lt_cv_sharedlib_from_linklib_cmd='printf %s\n'
lt_cv_shlibpath_overrides_runpath=no
lt_cv_sys_global_symbol_pipe='sed -n -e '\''s/^.*[	 ]\([ABCDGIRSTW][ABCDGIRSTW]*\)[	 ][	 ]*\([_A-Za-z][_A-Za-z0-9]*\)$/\1 \2 \2/p'\'' | sed '\''/ __gnu_lto/d'\'''
lt_cv_sys_global_symbol_to_c_name_address='sed -n -e '\''s/^: \(.*\) .*$/  {"\1", (void *) 0},/p'\'' -e '\''s/^[ABCDGIRSTW][ABCDGIRSTW]* .* \(.*\)$/  {"\1", (void *) \&\1},/p'\'''
lt_cv_sys_global_symbol_to_c_name_address_lib_prefix='sed -n -e '\''s/^: \(.*\) .*$/  {"\1", (void *) 0},/p'\'' -e '\''s/^[ABCDGIRSTW][ABCDGIRSTW]* .* \(lib.*\)$/  {"\1", (void *) \&\1},/p'\'' -e '\''s/^[ABCDGIRSTW][ABCDGIRSTW]* .* \(.*\)$/  {"lib\1", (void *) \&\1},/p'\'''
lt_cv_sys_global_symbol_to_cdecl='sed -n -e '\''s/^T .* \(.*\)$/extern int \1();/p'\'' -e '\''s/^[ABCDGIRSTW][ABCDGIRSTW]* .* \(.*\)$/extern char \1;/p'\'''
lt_cv_sys_global_symbol_to_import=
lt_cv_sys_max_cmd_len=1572864
lt_cv_to_host_file_cmd=func_convert_file_noop
lt_cv_to_tool_file_cmd=func_convert_file_noop
lt_cv_truncate_bin='/bin/dd bs=4096 count=1'

## ----------------- ##
## Output variables. ##
## ----------------- ##

ACLOCAL='${SHELL} /home/arares/src/osm-3s_v0.7.54_dev/missing aclocal-1.15'
AMDEPBACKSLASH='\'
AMDEP_FALSE='#'
AMDEP_TRUE=''
AMTAR='$${TAR-tar}'
AM_BACKSLASH='\'
AM_DEFAULT_V='$(AM_DEFAULT_VERBOSITY)'
AM_DEFAULT_VERBOSITY='1'
AM_V='$(V)'
AR='ar'
AUTOCONF='${SHELL} /home/arares/src/osm-3s_v0.7.54_dev/missing autoconf'
AUTOHEADER='${SHELL} /home/arares/src/osm-3s_v0.7.54_dev/missing autoheader'
AUTOMAKE='${SHELL} /home/arares/src/osm-3s_v0.7.54_dev/missing automake-1.15'
AWK='gawk'
CC='gcc'
CCDEPMODE='depmode=gcc3'
CFLAGS='-g -O2'
COMPRESS_LIBS='-lz'
CPP='gcc -E'
CPPFLAGS=''
CXX='g++'
CXXCPP='g++ -E'
CXXDEPMODE='depmode=gcc3'
CXXFLAGS='-O2'
CYGPATH_W='echo'
DEFS='-DHAVE_CONFIG_H'
DEPDIR='.deps'
DLLTOOL='false'
DSYMUTIL=''
DUMPBIN=''
ECHO_C=''
ECHO_N='-n'
ECHO_T=''
EGREP='/bin/grep -E'
EXEEXT=''
FGREP='/bin/grep -F'
GREP='/bin/grep'
INSTALL_DATA='${INSTALL} -m 644'
INSTALL_PROGRAM='${INSTALL}'
INSTALL_SCRIPT='${INSTALL}'
INSTALL_STRIP_PROGRAM='$(install_sh) -c -s'
LD='/usr/bin/ld -m elf_x86_64'
LDFLAGS=''
LIBOBJS=''
LIBS='-lrt -lexpat '
LIBTOOL='$(SHELL) $(top_builddir)/libtool'
LIPO=''
LN_S='ln -s'
LTLIBOBJS=''
LT_SYS_LIBRARY_PATH=''
MAKEINFO='${SHELL} /home/arares/src/osm-3s_v0.7.54_dev/missing makeinfo'
MANIFEST_TOOL=':'
MKDIR_P='/bin/mkdir -p'
NM='/usr/bin/nm -B'
NMEDIT=''
OBJDUMP='objdump'
OBJEXT='o'
OTOOL64=''
OTOOL=''
PACKAGE='overpassapi'
PACKAGE_BUGREPORT='roland@olbricht.nrw'
PACKAGE_NAME='OverpassAPI'
PACKAGE_STRING='OverpassAPI 0.7.54.12'
PACKAGE_TARNAME='overpassapi'
PACKAGE_URL=''
PACKAGE_VERSION='0.7.54.12'
PATH_SEPARATOR=':'
RANLIB='ranlib'
SED='/bin/sed'
SET_MAKE=''
SHELL='/bin/bash'
STRIP='strip'
VERSION='0.7.54.12'
ac_ct_AR='ar'
ac_ct_CC='gcc'
ac_ct_CXX='g++'
ac_ct_DUMPBIN=''
am__EXEEXT_FALSE=''
am__EXEEXT_TRUE='#'
am__fastdepCC_FALSE='#'
am__fastdepCC_TRUE=''
am__fastdepCXX_FALSE='#'
am__fastdepCXX_TRUE=''
am__include='include'
am__isrc=''
am__leading_dot='.'
am__nodep='_no'
am__quote=''
am__tar='$${TAR-tar} chof - "$$tardir"'
am__untar='$${TAR-tar} xf -'
bindir='${exec_prefix}/bin'
build='x86_64-pc-linux-gnu'
build_alias=''
build_cpu='x86_64'
build_os='linux-gnu'
build_vendor='pc'
datadir='${datarootdir}'
datarootdir='${prefix}/share'
docdir='${datarootdir}/doc/${PACKAGE_TARNAME}'
dvidir='${docdir}'
exec_prefix='${prefix}'
host='x86_64-pc-linux-gnu'
host_alias=''
host_cpu='x86_64'
host_os='linux-gnu'
host_vendor='pc'
htmldir='${docdir}'
includedir='${prefix}/include'
infodir='${datarootdir}/info'
install_sh='${SHELL} /home/arares/src/osm-3s_v0.7.54_dev/install-sh'
libdir='${exec_prefix}/lib'
libexecdir='${exec_prefix}/libexec'
localedir='${datarootdir}/locale'
localstatedir='${prefix}/var'
mandir='${datarootdir}/man'
mkdir_p='$(MKDIR_P)'
oldincludedir='/usr/include'
pdfdir='${docdir}'
prefix='/usr/local'
program_transform_name='s,x,x,'
psdir='${docdir}'
runstatedir='${localstatedir}/run'
sbindir='${exec_prefix}/sbin'
sharedstatedir='${prefix}/com'
sysconfdir='${prefix}/etc'
target_alias=''

## ----------- ##
## confdefs.h. ##
## ----------- ##

/* confdefs.h */
#define PACKAGE_NAME "OverpassAPI"
#define PACKAGE_TARNAME "overpassapi"
#define PACKAGE_VERSION "0.7.54.12"
#define PACKAGE_STRING "OverpassAPI 0.7.54.12"
#define PACKAGE_BUGREPORT "roland@olbricht.nrw"
#define PACKAGE_URL ""
#define PACKAGE "overpassapi"
#define VERSION "0.7.54.12"
#define STDC_HEADERS 1
#define HAVE_SYS_TYPES_H 1
#define HAVE_SYS_STAT_H 1
#define HAVE_STDLIB_H 1
#define HAVE_STRING_H 1
#define HAVE_MEMORY_H 1
#define HAVE_STRINGS_H 1
#define HAVE_INTTYPES_H 1
#define HAVE_STDINT_H 1
#define HAVE_UNISTD_H 1
#define HAVE_DLFCN_H 1
#define LT_OBJDIR ".libs/"
#define HAVE_LIBEXPAT 1
#define RETSIGTYPE void
#define HAVE_DIRENT_H 1
#define STDC_HEADERS 1
#define HAVE_FCNTL_H 1
#define HAVE_LOCALE_H 1
#define HAVE_STDINT_H 1
#define HAVE_STDLIB_H 1
#define HAVE_STRING_H 1
#define HAVE_SYS_TIME_H 1
#define HAVE_UNISTD_H 1
#define HAVE__BOOL 1
#define HAVE_STDBOOL_H 1
#define TIME_WITH_SYS_TIME 1
#define HAVE_STDLIB_H 1
#define HAVE_MALLOC 1
#define HAVE_STDLIB_H 1
#define HAVE_UNISTD_H 1
#define HAVE_SYS_PARAM_H 1
#define HAVE_GETPAGESIZE 1
#define HAVE_MMAP 1
#define HAVE_SYS_SELECT_H 1
#define HAVE_SYS_SOCKET_H 1
#define SELECT_TYPE_ARG1 int
#define SELECT_TYPE_ARG234 (fd_set *)
#define SELECT_TYPE_ARG5 (struct timeval *)
#define LSTAT_FOLLOWS_SLASHED_SYMLINK 1
#define HAVE_STRFTIME 1
#define HAVE_CLOCK_GETTIME 1
#define HAVE_FTRUNCATE 1
#define HAVE_GETCWD 1
#define HAVE_MUNMAP 1
#define HAVE_REGCOMP 1
#define HAVE_SELECT 1
#define HAVE_SHM_OPEN 1
#define HAVE_SOCKET 1
#define HAVE_STRNLEN 1

configure: exit 0

## ---------------------- ##
## Running config.status. ##
## ---------------------- ##

This file was extended by OverpassAPI config.status 0.7.54.12, which was
generated by GNU Autoconf 2.69.  Invocation command line was

  CONFIG_FILES    = 
  CONFIG_HEADERS  = 
  CONFIG_LINKS    = 
  CONFIG_COMMANDS = 
  $ ./config.status 

on raresa

config.status:1185: creating Makefile
config.status:1185: creating config.h
config.status:1366: config.h is unchanged
config.status:1414: executing depfiles commands
config.status:1414: executing libtool commands

## ---------------------- ##
## Running config.status. ##
## ---------------------- ##

This file was extended by OverpassAPI config.status 0.7.54.12, which was
generated by GNU Autoconf 2.69.  Invocation command line was

  CONFIG_FILES    = 
  CONFIG_HEADERS  = 
  CONFIG_LINKS    = 
  CONFIG_COMMANDS = 
  $ ./config.status config.h

on raresa

config.status:1185: creating config.h
config.status:1366: config.h is unchanged
